#
# There is insufficient memory for the Java Runtime Environment to continue.
# Native memory allocation (malloc) failed to allocate 1281616 bytes for Chunk::new
# Possible reasons:
#   The system is out of physical RAM or swap space
#   The process is running with CompressedOops enabled, and the Java Heap may be blocking the growth of the native heap
# Possible solutions:
#   Reduce memory load on the system
#   Increase physical memory or swap space
#   Check if swap backing store is full
#   Decrease Java heap size (-Xmx/-Xms)
#   Decrease number of Java threads
#   Decrease Java thread stack sizes (-Xss)
#   Set larger code cache with -XX:ReservedCodeCacheSize=
#   JVM is running with Unscaled Compressed Oops mode in which the Java heap is
#     placed in the first 4GB address space. The Java Heap base address is the
#     maximum limit for the native heap growth. Please use -XX:HeapBaseMinAddress
#     to set the Java Heap base and to place the Java Heap above 4GB virtual address.
# This output file may be truncated or incomplete.
#
#  Out of Memory Error (allocation.cpp:389), pid=16000, tid=0x000000000000608c
#
# JRE version: OpenJDK Runtime Environment (8.0_242-b01) (build 1.8.0_242-release-1644-b01)
# Java VM: OpenJDK 64-Bit Server VM (25.242-b01 mixed mode windows-amd64 compressed oops)
# Failed to write core dump. Minidumps are not enabled by default on client versions of Windows
#

---------------  T H R E A D  ---------------

Current thread (0x00000000179aa000):  JavaThread "C2 CompilerThread1" daemon [_thread_in_native, id=24716, stack(0x0000000019100000,0x0000000019200000)]

Stack: [0x0000000019100000,0x0000000019200000]
[error occurred during error reporting (printing stack bounds), id 0xc0000005]

Native frames: (J=compiled Java code, j=interpreted, Vv=VM code, C=native code)


Current CompileTask:
C2:6283796 30567   !   4       com.android.manifmerger.XmlElement::<init> (597 bytes)


---------------  P R O C E S S  ---------------

Java Threads: ( => current thread )
  0x00000000195f7800 JavaThread "Cache worker for execution history cache (C:\Users\Admin\Documents\GitHub\WarsCharacters-master\.gradle\6.7.1\executionHistory)" [_thread_blocked, id=51676, stack(0x0000000037cb0000,0x0000000037db0000)]
  0x00000000195f3800 JavaThread "Execution worker for ':' Thread 3" [_thread_blocked, id=40004, stack(0x0000000037bb0000,0x0000000037cb0000)]
  0x00000000195ef000 JavaThread "Execution worker for ':' Thread 2" [_thread_blocked, id=40612, stack(0x0000000037ab0000,0x0000000037bb0000)]
  0x00000000195f3000 JavaThread "Execution worker for ':'" [_thread_in_native, id=45796, stack(0x00000000379b0000,0x0000000037ab0000)]
  0x00000000195ee800 JavaThread "jar transforms Thread 456" [_thread_blocked, id=15536, stack(0x00000000378b0000,0x00000000379b0000)]
  0x00000000195f2000 JavaThread "jar transforms Thread 455" [_thread_blocked, id=17684, stack(0x00000000377b0000,0x00000000378b0000)]
  0x000000001e46a800 JavaThread "jar transforms Thread 454" [_thread_blocked, id=4764, stack(0x00000000376b0000,0x00000000377b0000)]
  0x000000001e468000 JavaThread "jar transforms Thread 453" [_thread_blocked, id=15372, stack(0x00000000375b0000,0x00000000376b0000)]
  0x000000001e466800 JavaThread "jar transforms Thread 452" [_thread_blocked, id=27668, stack(0x00000000374b0000,0x00000000375b0000)]
  0x000000001e45f000 JavaThread "jar transforms Thread 451" [_thread_blocked, id=21588, stack(0x00000000373b0000,0x00000000374b0000)]
  0x000000001e466000 JavaThread "jar transforms Thread 450" [_thread_blocked, id=35252, stack(0x00000000372b0000,0x00000000373b0000)]
  0x000000001e465000 JavaThread "jar transforms Thread 449" [_thread_blocked, id=26160, stack(0x00000000371b0000,0x00000000372b0000)]
  0x000000001e463800 JavaThread "jar transforms Thread 448" [_thread_blocked, id=19068, stack(0x00000000370b0000,0x00000000371b0000)]
  0x000000001e460800 JavaThread "jar transforms Thread 447" [_thread_blocked, id=24396, stack(0x0000000036fb0000,0x00000000370b0000)]
  0x000000001e460000 JavaThread "jar transforms Thread 446" [_thread_blocked, id=46488, stack(0x0000000036eb0000,0x0000000036fb0000)]
  0x000000001e464800 JavaThread "jar transforms Thread 445" [_thread_blocked, id=34228, stack(0x0000000036db0000,0x0000000036eb0000)]
  0x000000001e45c000 JavaThread "jar transforms Thread 444" [_thread_blocked, id=23532, stack(0x0000000036cb0000,0x0000000036db0000)]
  0x000000001e463000 JavaThread "jar transforms Thread 443" [_thread_blocked, id=59520, stack(0x0000000036bb0000,0x0000000036cb0000)]
  0x000000001e45e800 JavaThread "jar transforms Thread 442" [_thread_blocked, id=41300, stack(0x0000000036ab0000,0x0000000036bb0000)]
  0x000000001e45d000 JavaThread "jar transforms Thread 441" [_thread_blocked, id=58248, stack(0x00000000369b0000,0x0000000036ab0000)]
  0x000000001e462000 JavaThread "jar transforms Thread 440" [_thread_blocked, id=53616, stack(0x00000000368b0000,0x00000000369b0000)]
  0x000000001bc05000 JavaThread "jar transforms Thread 439" [_thread_blocked, id=16564, stack(0x00000000367b0000,0x00000000368b0000)]
  0x000000001bc04800 JavaThread "jar transforms Thread 438" [_thread_blocked, id=50132, stack(0x00000000366b0000,0x00000000367b0000)]
  0x000000001bc0a800 JavaThread "jar transforms Thread 437" [_thread_blocked, id=34488, stack(0x00000000365b0000,0x00000000366b0000)]
  0x000000001bc03000 JavaThread "jar transforms Thread 436" [_thread_blocked, id=27044, stack(0x00000000364b0000,0x00000000365b0000)]
  0x000000001bc03800 JavaThread "jar transforms Thread 435" [_thread_blocked, id=17596, stack(0x00000000363b0000,0x00000000364b0000)]
  0x000000001bc09800 JavaThread "jar transforms Thread 434" [_thread_blocked, id=28644, stack(0x00000000362b0000,0x00000000363b0000)]
  0x000000001bc08000 JavaThread "jar transforms Thread 433" [_thread_blocked, id=25468, stack(0x00000000361b0000,0x00000000362b0000)]
  0x000000001bc06800 JavaThread "jar transforms Thread 432" [_thread_blocked, id=16812, stack(0x00000000360b0000,0x00000000361b0000)]
  0x000000001bc02000 JavaThread "jar transforms Thread 431" [_thread_blocked, id=8412, stack(0x0000000035fb0000,0x00000000360b0000)]
  0x000000001bc09000 JavaThread "jar transforms Thread 430" [_thread_blocked, id=28716, stack(0x0000000035eb0000,0x0000000035fb0000)]
  0x000000001bc07800 JavaThread "jar transforms Thread 429" [_thread_blocked, id=40392, stack(0x0000000035db0000,0x0000000035eb0000)]
  0x000000001bbff000 JavaThread "jar transforms Thread 428" [_thread_blocked, id=48076, stack(0x0000000035cb0000,0x0000000035db0000)]
  0x000000001bbfe800 JavaThread "jar transforms Thread 427" [_thread_blocked, id=33088, stack(0x0000000035bb0000,0x0000000035cb0000)]
  0x000000001bc00800 JavaThread "jar transforms Thread 426" [_thread_blocked, id=17636, stack(0x0000000035ab0000,0x0000000035bb0000)]
  0x000000001bbfd800 JavaThread "jar transforms Thread 425" [_thread_blocked, id=57652, stack(0x00000000359b0000,0x0000000035ab0000)]
  0x000000001bbfc000 JavaThread "jar transforms Thread 424" [_thread_blocked, id=39908, stack(0x00000000358b0000,0x00000000359b0000)]
  0x000000001bbfd000 JavaThread "jar transforms Thread 423" [_thread_blocked, id=16704, stack(0x00000000357b0000,0x00000000358b0000)]
  0x0000000020c36800 JavaThread "jar transforms Thread 422" [_thread_blocked, id=41572, stack(0x00000000356b0000,0x00000000357b0000)]
  0x0000000020c30800 JavaThread "jar transforms Thread 421" [_thread_blocked, id=42788, stack(0x00000000355b0000,0x00000000356b0000)]
  0x0000000020c35800 JavaThread "jar transforms Thread 420" [_thread_blocked, id=54292, stack(0x00000000354b0000,0x00000000355b0000)]
  0x0000000020c35000 JavaThread "jar transforms Thread 419" [_thread_blocked, id=8144, stack(0x00000000353b0000,0x00000000354b0000)]
  0x0000000020c2f800 JavaThread "jar transforms Thread 418" [_thread_blocked, id=21328, stack(0x00000000352b0000,0x00000000353b0000)]
  0x0000000020c34000 JavaThread "jar transforms Thread 417" [_thread_blocked, id=38204, stack(0x00000000351b0000,0x00000000352b0000)]
  0x0000000020c32000 JavaThread "jar transforms Thread 416" [_thread_blocked, id=16304, stack(0x00000000350b0000,0x00000000351b0000)]
  0x0000000020c2a800 JavaThread "jar transforms Thread 415" [_thread_blocked, id=59104, stack(0x0000000034fb0000,0x00000000350b0000)]
  0x0000000020c31000 JavaThread "jar transforms Thread 414" [_thread_blocked, id=47716, stack(0x0000000034eb0000,0x0000000034fb0000)]
  0x0000000020c2f000 JavaThread "jar transforms Thread 413" [_thread_blocked, id=19448, stack(0x0000000034db0000,0x0000000034eb0000)]
  0x0000000020c27000 JavaThread "jar transforms Thread 412" [_thread_blocked, id=20948, stack(0x0000000034cb0000,0x0000000034db0000)]
  0x0000000020c2d800 JavaThread "jar transforms Thread 411" [_thread_blocked, id=33548, stack(0x0000000034bb0000,0x0000000034cb0000)]
  0x0000000020c28800 JavaThread "jar transforms Thread 410" [_thread_blocked, id=41940, stack(0x0000000034ab0000,0x0000000034bb0000)]
  0x0000000020c28000 JavaThread "jar transforms Thread 409" [_thread_blocked, id=41960, stack(0x00000000349b0000,0x0000000034ab0000)]
  0x0000000020c2c800 JavaThread "jar transforms Thread 408" [_thread_blocked, id=10620, stack(0x00000000348b0000,0x00000000349b0000)]
  0x0000000020c29800 JavaThread "jar transforms Thread 407" [_thread_blocked, id=41184, stack(0x00000000347b0000,0x00000000348b0000)]
  0x0000000020c2e000 JavaThread "jar transforms Thread 406" [_thread_blocked, id=54864, stack(0x00000000346b0000,0x00000000347b0000)]
  0x0000000020c2c000 JavaThread "jar transforms Thread 405" [_thread_blocked, id=15332, stack(0x00000000345b0000,0x00000000346b0000)]
  0x0000000020c2b000 JavaThread "jar transforms Thread 404" [_thread_blocked, id=50300, stack(0x00000000344b0000,0x00000000345b0000)]
  0x0000000030f58000 JavaThread "jar transforms Thread 403" [_thread_blocked, id=26088, stack(0x00000000343b0000,0x00000000344b0000)]
  0x0000000030f5c800 JavaThread "jar transforms Thread 402" [_thread_blocked, id=43632, stack(0x00000000342b0000,0x00000000343b0000)]
  0x0000000030f5b800 JavaThread "jar transforms Thread 401" [_thread_blocked, id=31644, stack(0x00000000341b0000,0x00000000342b0000)]
  0x0000000030f5d000 JavaThread "jar transforms Thread 400" [_thread_blocked, id=11864, stack(0x00000000340b0000,0x00000000341b0000)]
  0x0000000030f54000 JavaThread "jar transforms Thread 399" [_thread_blocked, id=20976, stack(0x0000000033fb0000,0x00000000340b0000)]
  0x0000000030f5b000 JavaThread "jar transforms Thread 398" [_thread_blocked, id=45328, stack(0x0000000033eb0000,0x0000000033fb0000)]
  0x0000000030f53800 JavaThread "jar transforms Thread 397" [_thread_blocked, id=48580, stack(0x0000000033db0000,0x0000000033eb0000)]
  0x0000000030f58800 JavaThread "jar transforms Thread 396" [_thread_blocked, id=27780, stack(0x0000000033cb0000,0x0000000033db0000)]
  0x0000000030f59800 JavaThread "jar transforms Thread 395" [_thread_blocked, id=128, stack(0x0000000033bb0000,0x0000000033cb0000)]
  0x0000000030f57000 JavaThread "jar transforms Thread 394" [_thread_blocked, id=34560, stack(0x0000000033ab0000,0x0000000033bb0000)]
  0x0000000030f55800 JavaThread "jar transforms Thread 393" [_thread_blocked, id=51096, stack(0x00000000339b0000,0x0000000033ab0000)]
  0x0000000030f5a000 JavaThread "jar transforms Thread 392" [_thread_blocked, id=39032, stack(0x00000000338b0000,0x00000000339b0000)]
  0x0000000030f4f800 JavaThread "jar transforms Thread 391" [_thread_blocked, id=8636, stack(0x00000000337b0000,0x00000000338b0000)]
  0x0000000030f55000 JavaThread "jar transforms Thread 390" [_thread_blocked, id=25872, stack(0x00000000336b0000,0x00000000337b0000)]
  0x0000000030f52800 JavaThread "jar transforms Thread 389" [_thread_blocked, id=26812, stack(0x00000000335b0000,0x00000000336b0000)]
  0x0000000030f52000 JavaThread "jar transforms Thread 388" [_thread_blocked, id=13500, stack(0x00000000334b0000,0x00000000335b0000)]
  0x0000000030f51000 JavaThread "jar transforms Thread 387" [_thread_blocked, id=55936, stack(0x00000000333b0000,0x00000000334b0000)]
  0x0000000030f50800 JavaThread "jar transforms Thread 386" [_thread_blocked, id=15280, stack(0x00000000332b0000,0x00000000333b0000)]
  0x0000000030f56800 JavaThread "jar transforms Thread 385" [_thread_blocked, id=22508, stack(0x00000000331b0000,0x00000000332b0000)]
  0x0000000030f48000 JavaThread "jar transforms Thread 384" [_thread_blocked, id=14024, stack(0x00000000330b0000,0x00000000331b0000)]
  0x0000000030f4e000 JavaThread "jar transforms Thread 383" [_thread_blocked, id=15816, stack(0x0000000032fb0000,0x00000000330b0000)]
  0x0000000030f4c000 JavaThread "jar transforms Thread 382" [_thread_blocked, id=33424, stack(0x0000000032eb0000,0x0000000032fb0000)]
  0x0000000030f4b000 JavaThread "jar transforms Thread 381" [_thread_blocked, id=39836, stack(0x0000000032db0000,0x0000000032eb0000)]
  0x0000000030f49000 JavaThread "jar transforms Thread 380" [_thread_blocked, id=58724, stack(0x0000000032cb0000,0x0000000032db0000)]
  0x0000000030f4c800 JavaThread "jar transforms Thread 379" [_thread_blocked, id=24660, stack(0x0000000032bb0000,0x0000000032cb0000)]
  0x0000000030f49800 JavaThread "jar transforms Thread 378" [_thread_blocked, id=51168, stack(0x0000000032ab0000,0x0000000032bb0000)]
  0x0000000030f4a800 JavaThread "jar transforms Thread 377" [_thread_blocked, id=28208, stack(0x00000000329b0000,0x0000000032ab0000)]
  0x0000000030f4d800 JavaThread "jar transforms Thread 376" [_thread_blocked, id=27584, stack(0x00000000328b0000,0x00000000329b0000)]
  0x0000000030f4f000 JavaThread "jar transforms Thread 375" [_thread_blocked, id=41520, stack(0x00000000327b0000,0x00000000328b0000)]
  0x0000000030f40800 JavaThread "jar transforms Thread 374" [_thread_blocked, id=18904, stack(0x00000000326b0000,0x00000000327b0000)]
  0x0000000030f46800 JavaThread "jar transforms Thread 373" [_thread_blocked, id=9680, stack(0x00000000325b0000,0x00000000326b0000)]
  0x0000000030f47800 JavaThread "jar transforms Thread 372" [_thread_blocked, id=35172, stack(0x00000000324b0000,0x00000000325b0000)]
  0x0000000030f3f000 JavaThread "jar transforms Thread 371" [_thread_blocked, id=35776, stack(0x00000000323b0000,0x00000000324b0000)]
  0x0000000030f46000 JavaThread "jar transforms Thread 370" [_thread_blocked, id=14492, stack(0x0000000032090000,0x0000000032190000)]
  0x0000000030f3e800 JavaThread "jar transforms Thread 369" [_thread_blocked, id=44732, stack(0x0000000031f90000,0x0000000032090000)]
  0x0000000030f40000 JavaThread "jar transforms Thread 368" [_thread_blocked, id=28412, stack(0x00000000319c0000,0x0000000031ac0000)]
  0x0000000030f44800 JavaThread "jar transforms Thread 367" [_thread_blocked, id=45228, stack(0x00000000318c0000,0x00000000319c0000)]
  0x0000000030f43000 JavaThread "jar transforms Thread 366" [_thread_blocked, id=30664, stack(0x00000000317c0000,0x00000000318c0000)]
  0x0000000030f43800 JavaThread "jar transforms Thread 365" [_thread_blocked, id=20696, stack(0x00000000316c0000,0x00000000317c0000)]
  0x0000000027889000 JavaThread "jar transforms Thread 364" [_thread_blocked, id=7856, stack(0x00000000315c0000,0x00000000316c0000)]
  0x0000000027888000 JavaThread "jar transforms Thread 363" [_thread_blocked, id=32728, stack(0x00000000312c0000,0x00000000313c0000)]
  0x0000000027885000 JavaThread "jar transforms Thread 362" [_thread_blocked, id=14608, stack(0x000000002ff10000,0x0000000030010000)]
  0x0000000027880800 JavaThread "jar transforms Thread 361" [_thread_blocked, id=45308, stack(0x000000002de40000,0x000000002df40000)]
  0x0000000027887800 JavaThread "jar transforms Thread 360" [_thread_blocked, id=31364, stack(0x000000002dd40000,0x000000002de40000)]
  0x0000000027880000 JavaThread "jar transforms Thread 359" [_thread_blocked, id=9340, stack(0x000000002dc40000,0x000000002dd40000)]
  0x0000000027883000 JavaThread "jar transforms Thread 358" [_thread_blocked, id=38436, stack(0x000000002db40000,0x000000002dc40000)]
  0x0000000027884800 JavaThread "jar transforms Thread 357" [_thread_blocked, id=28108, stack(0x000000002da40000,0x000000002db40000)]
  0x0000000027882000 JavaThread "jar transforms Thread 356" [_thread_blocked, id=58556, stack(0x000000002d940000,0x000000002da40000)]
  0x0000000027886800 JavaThread "jar transforms Thread 355" [_thread_blocked, id=48832, stack(0x000000002d640000,0x000000002d740000)]
  0x0000000027883800 JavaThread "jar transforms Thread 354" [_thread_blocked, id=58732, stack(0x000000002d540000,0x000000002d640000)]
  0x0000000027886000 JavaThread "jar transforms Thread 353" [_thread_blocked, id=17292, stack(0x000000002d440000,0x000000002d540000)]
  0x0000000027881800 JavaThread "jar transforms Thread 352" [_thread_blocked, id=31500, stack(0x000000002d340000,0x000000002d440000)]
  0x0000000027878800 JavaThread "jar transforms Thread 351" [_thread_blocked, id=35884, stack(0x000000002d240000,0x000000002d340000)]
  0x000000002787f000 JavaThread "jar transforms Thread 350" [_thread_blocked, id=19836, stack(0x000000002d140000,0x000000002d240000)]
  0x000000002787e800 JavaThread "jar transforms Thread 349" [_thread_blocked, id=42752, stack(0x000000002ca40000,0x000000002cb40000)]
  0x0000000027877800 JavaThread "jar transforms Thread 348" [_thread_blocked, id=1184, stack(0x000000002c940000,0x000000002ca40000)]
  0x000000002787b800 JavaThread "jar transforms Thread 347" [_thread_blocked, id=31192, stack(0x000000002c840000,0x000000002c940000)]
  0x000000002787a800 JavaThread "jar transforms Thread 346" [_thread_blocked, id=53316, stack(0x000000002aeb0000,0x000000002afb0000)]
  0x000000002787d800 JavaThread "jar transforms Thread 345" [_thread_blocked, id=11236, stack(0x0000000028900000,0x0000000028a00000)]
  0x000000002787c000 JavaThread "jar transforms Thread 344" [_thread_blocked, id=26380, stack(0x0000000024580000,0x0000000024680000)]
  0x000000002787d000 JavaThread "jar transforms Thread 343" [_thread_blocked, id=7048, stack(0x00000000229b0000,0x0000000022ab0000)]
  0x0000000027876000 JavaThread "Build operations Thread 4" [_thread_blocked, id=2056, stack(0x00000000228b0000,0x00000000229b0000)]
  0x0000000027874000 JavaThread "Build operations Thread 3" [_thread_blocked, id=39180, stack(0x00000000227b0000,0x00000000228b0000)]
  0x000000002787a000 JavaThread "Build operations Thread 2" [_thread_blocked, id=19484, stack(0x00000000226b0000,0x00000000227b0000)]
  0x0000000027875800 JavaThread "Build operations" [_thread_blocked, id=59512, stack(0x0000000022120000,0x0000000022220000)]
  0x0000000027879000 JavaThread "Cache worker for Build Output Cleanup Cache (C:\Users\Admin\Documents\GitHub\WarsCharacters-master\.gradle\buildOutputCleanup)" [_thread_blocked, id=20488, stack(0x0000000021b20000,0x0000000021c20000)]
  0x0000000027877000 JavaThread "Cache worker for cache directory md-rule (C:\Users\Admin\.gradle\caches\6.7.1\md-rule)" [_thread_blocked, id=14736, stack(0x0000000021320000,0x0000000021420000)]
  0x000000002786c800 JavaThread "Cache worker for cache directory md-supplier (C:\Users\Admin\.gradle\caches\6.7.1\md-supplier)" [_thread_blocked, id=25628, stack(0x0000000021220000,0x0000000021320000)]
  0x0000000027873000 JavaThread "Cache worker for checksums cache (C:\Users\Admin\Documents\GitHub\WarsCharacters-master\.gradle\checksums)" [_thread_blocked, id=39552, stack(0x000000001fec0000,0x000000001ffc0000)]
  0x0000000027872800 JavaThread "Cache worker for file hash cache (C:\Users\Admin\Documents\GitHub\WarsCharacters-master\.gradle\6.7.1\fileHashes)" [_thread_blocked, id=49480, stack(0x000000001fbc0000,0x000000001fcc0000)]
  0x000000002786b000 JavaThread "Thread-431" [_thread_blocked, id=7300, stack(0x000000001d420000,0x000000001d520000)]
  0x0000000027871800 JavaThread "Stdin handler" [_thread_blocked, id=45304, stack(0x000000001d220000,0x000000001d320000)]
  0x000000002786a000 JavaThread "Asynchronous log dispatcher for DefaultDaemonConnection: socket connection from /127.0.0.1:58161 to /127.0.0.1:50429" [_thread_blocked, id=9568, stack(0x000000001d120000,0x000000001d220000)]
  0x0000000027870000 JavaThread "Daemon worker Thread 4" [_thread_blocked, id=25180, stack(0x000000001d020000,0x000000001d120000)]
  0x000000002786b800 JavaThread "Cancel handler" [_thread_blocked, id=39080, stack(0x000000001cf20000,0x000000001d020000)]
  0x0000000027871000 JavaThread "Handler for socket connection from /127.0.0.1:58161 to /127.0.0.1:50429" [_thread_in_native, id=59444, stack(0x000000001cc20000,0x000000001cd20000)]
  0x000000002786e800 JavaThread "Daemon Thread 4" [_thread_blocked, id=34364, stack(0x000000001c7e0000,0x000000001c8e0000)]
  0x000000002786d000 JavaThread "RMI TCP Connection(idle)" daemon [_thread_blocked, id=22240, stack(0x000000001c6e0000,0x000000001c7e0000)]
  0x000000002786f800 JavaThread "RMI Reaper" [_thread_blocked, id=53984, stack(0x0000000037fb0000,0x00000000380b0000)]
  0x000000002786e000 JavaThread "GC Daemon" daemon [_thread_blocked, id=39572, stack(0x0000000037eb0000,0x0000000037fb0000)]
  0x00000000195f1800 JavaThread "Cache worker for Java compile cache (C:\Users\Admin\.gradle\caches\6.7.1\javaCompile)" [_thread_blocked, id=57136, stack(0x000000001d320000,0x000000001d420000)]
  0x000000001e467800 JavaThread "RMI TCP Accept-0" daemon [_thread_in_native, id=36908, stack(0x000000002ebc0000,0x000000002ecc0000)]
  0x000000001e469800 JavaThread "RMI Scheduler(0)" daemon [_thread_blocked, id=60216, stack(0x0000000001180000,0x0000000001280000)]
  0x000000001ad00800 JavaThread "Memory manager" [_thread_blocked, id=54196, stack(0x000000002a3b0000,0x000000002a4b0000)]
  0x000000001ae51800 JavaThread "Cache worker for file content cache (C:\Users\Admin\.gradle\caches\6.7.1\fileContent)" [_thread_blocked, id=14900, stack(0x0000000021c20000,0x0000000021d20000)]
  0x000000001ae52000 JavaThread "Cache worker for execution history cache (C:\Users\Admin\.gradle\caches\6.7.1\executionHistory)" [_thread_blocked, id=39400, stack(0x0000000021420000,0x0000000021520000)]
  0x000000001ae4f000 JavaThread "Cache worker for journal cache (C:\Users\Admin\.gradle\caches\journal-1)" [_thread_blocked, id=27400, stack(0x000000001d920000,0x000000001da20000)]
  0x000000001ae53000 JavaThread "File lock request listener" [_thread_in_native, id=15684, stack(0x000000001d820000,0x000000001d920000)]
  0x000000001b759000 JavaThread "Cache worker for file hash cache (C:\Users\Admin\.gradle\caches\6.7.1\fileHashes)" [_thread_blocked, id=11884, stack(0x000000001d720000,0x000000001d820000)]
  0x000000001b39b800 JavaThread "Daemon periodic checks" [_thread_blocked, id=11388, stack(0x000000001cb20000,0x000000001cc20000)]
  0x000000001b3b9800 JavaThread "Incoming local TCP Connector on port 58161" [_thread_in_native, id=40300, stack(0x000000001c8e0000,0x000000001c9e0000)]
  0x00000000193bb000 JavaThread "Daemon health stats" [_thread_blocked, id=39724, stack(0x000000001c2a0000,0x000000001c3a0000)]
  0x00000000179fe800 JavaThread "Service Thread" daemon [_thread_blocked, id=17992, stack(0x0000000019700000,0x0000000019800000)]
  0x00000000179b2000 JavaThread "C1 CompilerThread2" daemon [_thread_blocked, id=10820, stack(0x0000000019200000,0x0000000019300000)]
=>0x00000000179aa000 JavaThread "C2 CompilerThread1" daemon [_thread_in_native, id=24716, stack(0x0000000019100000,0x0000000019200000)]
  0x00000000179a0800 JavaThread "C2 CompilerThread0" daemon [_thread_blocked, id=39388, stack(0x0000000019000000,0x0000000019100000)]
  0x00000000179a6000 JavaThread "Attach Listener" daemon [_thread_blocked, id=12396, stack(0x0000000018f00000,0x0000000019000000)]
  0x00000000179a5000 JavaThread "Signal Dispatcher" daemon [_thread_blocked, id=23904, stack(0x0000000018e00000,0x0000000018f00000)]
  0x0000000002d7b000 JavaThread "Finalizer" daemon [_thread_blocked, id=52840, stack(0x0000000018c00000,0x0000000018d00000)]
  0x0000000017989000 JavaThread "Reference Handler" daemon [_thread_blocked, id=39924, stack(0x0000000018b00000,0x0000000018c00000)]
  0x00000000013ae800 JavaThread "main" [_thread_blocked, id=30756, stack(0x0000000002b80000,0x0000000002c80000)]

Other Threads:
  0x0000000017966000 VMThread [stack: 0x0000000018a00000,0x0000000018b00000] [id=11256]
  0x000000001932f000 WatcherThread [stack: 0x0000000019800000,0x0000000019900000] [id=14220]

VM state:not at safepoint (normal execution)

VM Mutex/Monitor currently owned by a thread: None

heap address: 0x0000000080000000, size: 2048 MB, Compressed Oops mode: 32-bit
Narrow klass base: 0x0000000000000000, Narrow klass shift: 3
Compressed class space size: 1073741824 Address: 0x0000000100000000

Heap:
 PSYoungGen      total 641536K, used 394341K [0x00000000d5580000, 0x00000000ffa80000, 0x0000000100000000)
  eden space 596992K, 62% used [0x00000000d5580000,0x00000000ec076180,0x00000000f9c80000)
  from space 44544K, 50% used [0x00000000fcf00000,0x00000000fe523308,0x00000000ffa80000)
  to   space 48128K, 0% used [0x00000000f9c80000,0x00000000f9c80000,0x00000000fcb80000)
 ParOldGen       total 221696K, used 60555K [0x0000000080000000, 0x000000008d880000, 0x00000000d5580000)
  object space 221696K, 27% used [0x0000000080000000,0x0000000083b22f30,0x000000008d880000)
 Metaspace       used 120281K, capacity 125860K, committed 126168K, reserved 1159168K
  class space    used 14947K, capacity 15992K, committed 16128K, reserved 1048576K

Card table byte_map: [0x0000000012140000,0x0000000012550000] byte_map_base: 0x0000000011d40000

Marking Bits: (ParMarkBitMap*) 0x0000000062eff030
 Begin Bits: [0x0000000012c00000, 0x0000000014c00000)
 End Bits:   [0x0000000014c00000, 0x0000000016c00000)

Polling page: 0x0000000000da0000

CodeCache: size=245760Kb used=80077Kb max_used=80087Kb free=165682Kb
 bounds [0x0000000002d80000, 0x0000000007c20000, 0x0000000011d80000]
 total_blobs=23461 nmethods=22510 adapters=862
 compilation: enabled

Compilation events (10 events):
Event: 6283.581 Thread 0x00000000179b2000 30622       3       java.text.DecimalFormatSymbols::getInstance (37 bytes)
Event: 6283.581 Thread 0x00000000179b2000 nmethod 30622 0x0000000007c184d0 code [0x0000000007c18680, 0x0000000007c18ba8]
Event: 6283.606 Thread 0x00000000179a0800 30623 %     4       com.google.common.collect.ObjectArrays::checkElementsNotNull @ 2 (23 bytes)
Event: 6283.611 Thread 0x00000000179a0800 nmethod 30623% 0x0000000007c1bb50 code [0x0000000007c1bca0, 0x0000000007c1be78]
Event: 6283.632 Thread 0x00000000179b2000 30624       3       java.util.Formatter::getZero (27 bytes)
Event: 6283.632 Thread 0x00000000179b2000 nmethod 30624 0x0000000007c1b610 code [0x0000000007c1b780, 0x0000000007c1ba58]
Event: 6283.647 Thread 0x00000000179a0800 30625       4       java.util.Formatter$FormatSpecifier::checkGeneral (114 bytes)
Event: 6283.653 Thread 0x00000000179a0800 nmethod 30625 0x0000000007c19b10 code [0x0000000007c19c80, 0x0000000007c19f58]
Event: 6283.696 Thread 0x00000000179b2000 30626       3       com.android.manifmerger.XmlNode$NamespaceAwareName::toString (30 bytes)
Event: 6283.697 Thread 0x00000000179b2000 nmethod 30626 0x0000000007c18d90 code [0x0000000007c18f60, 0x0000000007c19798]

GC Heap History (10 events):
Event: 265.757 GC heap before
{Heap before GC invocations=41 (full 4):
 PSYoungGen      total 649216K, used 610496K [0x00000000d5580000, 0x0000000100000000, 0x0000000100000000)
  eden space 599552K, 100% used [0x00000000d5580000,0x00000000f9f00000,0x00000000f9f00000)
  from space 49664K, 22% used [0x00000000fcf80000,0x00000000fda30398,0x0000000100000000)
  to   space 49664K, 0% used [0x00000000f9f00000,0x00000000f9f00000,0x00000000fcf80000)
 ParOldGen       total 221696K, used 178749K [0x0000000080000000, 0x000000008d880000, 0x00000000d5580000)
  object space 221696K, 80% used [0x0000000080000000,0x000000008ae8f400,0x000000008d880000)
 Metaspace       used 113651K, capacity 118774K, committed 118872K, reserved 1153024K
  class space    used 14470K, capacity 15472K, committed 15488K, reserved 1048576K
Event: 265.813 GC heap after
Heap after GC invocations=41 (full 4):
 PSYoungGen      total 627712K, used 27792K [0x00000000d5580000, 0x00000000ffe00000, 0x0000000100000000)
  eden space 599552K, 0% used [0x00000000d5580000,0x00000000d5580000,0x00000000f9f00000)
  from space 28160K, 98% used [0x00000000f9f00000,0x00000000fba242b0,0x00000000fba80000)
  to   space 48640K, 0% used [0x00000000fce80000,0x00000000fce80000,0x00000000ffe00000)
 ParOldGen       total 221696K, used 178757K [0x0000000080000000, 0x000000008d880000, 0x00000000d5580000)
  object space 221696K, 80% used [0x0000000080000000,0x000000008ae91400,0x000000008d880000)
 Metaspace       used 113651K, capacity 118774K, committed 118872K, reserved 1153024K
  class space    used 14470K, capacity 15472K, committed 15488K, reserved 1048576K
}
Event: 276.098 GC heap before
{Heap before GC invocations=42 (full 4):
 PSYoungGen      total 627712K, used 626506K [0x00000000d5580000, 0x00000000ffe00000, 0x0000000100000000)
  eden space 599552K, 99% used [0x00000000d5580000,0x00000000f9e2e8e0,0x00000000f9f00000)
  from space 28160K, 98% used [0x00000000f9f00000,0x00000000fba242b0,0x00000000fba80000)
  to   space 48640K, 0% used [0x00000000fce80000,0x00000000fce80000,0x00000000ffe00000)
 ParOldGen       total 221696K, used 178757K [0x0000000080000000, 0x000000008d880000, 0x00000000d5580000)
  object space 221696K, 80% used [0x0000000080000000,0x000000008ae91400,0x000000008d880000)
 Metaspace       used 114921K, capacity 120252K, committed 120408K, reserved 1155072K
  class space    used 14643K, capacity 15645K, committed 15744K, reserved 1048576K
Event: 276.205 GC heap after
Heap after GC invocations=42 (full 4):
 PSYoungGen      total 644096K, used 39331K [0x00000000d5580000, 0x0000000100000000, 0x0000000100000000)
  eden space 595456K, 0% used [0x00000000d5580000,0x00000000d5580000,0x00000000f9b00000)
  from space 48640K, 80% used [0x00000000fce80000,0x00000000ff4e8c18,0x00000000ffe00000)
  to   space 51712K, 0% used [0x00000000f9b00000,0x00000000f9b00000,0x00000000fcd80000)
 ParOldGen       total 221696K, used 178765K [0x0000000080000000, 0x000000008d880000, 0x00000000d5580000)
  object space 221696K, 80% used [0x0000000080000000,0x000000008ae93400,0x000000008d880000)
 Metaspace       used 114921K, capacity 120252K, committed 120408K, reserved 1155072K
  class space    used 14643K, capacity 15645K, committed 15744K, reserved 1048576K
}
Event: 3697.310 GC heap before
{Heap before GC invocations=43 (full 4):
 PSYoungGen      total 644096K, used 544174K [0x00000000d5580000, 0x0000000100000000, 0x0000000100000000)
  eden space 595456K, 84% used [0x00000000d5580000,0x00000000f4282d78,0x00000000f9b00000)
  from space 48640K, 80% used [0x00000000fce80000,0x00000000ff4e8c18,0x00000000ffe00000)
  to   space 51712K, 0% used [0x00000000f9b00000,0x00000000f9b00000,0x00000000fcd80000)
 ParOldGen       total 221696K, used 178765K [0x0000000080000000, 0x000000008d880000, 0x00000000d5580000)
  object space 221696K, 80% used [0x0000000080000000,0x000000008ae93400,0x000000008d880000)
 Metaspace       used 119288K, capacity 124880K, committed 125144K, reserved 1159168K
  class space    used 14946K, capacity 16023K, committed 16128K, reserved 1048576K
Event: 3697.779 GC heap after
Heap after GC invocations=43 (full 4):
 PSYoungGen      total 647168K, used 20836K [0x00000000d5580000, 0x0000000100000000, 0x0000000100000000)
  eden space 595456K, 0% used [0x00000000d5580000,0x00000000d5580000,0x00000000f9b00000)
  from space 51712K, 40% used [0x00000000f9b00000,0x00000000faf59160,0x00000000fcd80000)
  to   space 50176K, 0% used [0x00000000fcf00000,0x00000000fcf00000,0x0000000100000000)
 ParOldGen       total 221696K, used 178773K [0x0000000080000000, 0x000000008d880000, 0x00000000d5580000)
  object space 221696K, 80% used [0x0000000080000000,0x000000008ae95400,0x000000008d880000)
 Metaspace       used 119288K, capacity 124880K, committed 125144K, reserved 1159168K
  class space    used 14946K, capacity 16023K, committed 16128K, reserved 1048576K
}
Event: 3697.779 GC heap before
{Heap before GC invocations=44 (full 5):
 PSYoungGen      total 647168K, used 20836K [0x00000000d5580000, 0x0000000100000000, 0x0000000100000000)
  eden space 595456K, 0% used [0x00000000d5580000,0x00000000d5580000,0x00000000f9b00000)
  from space 51712K, 40% used [0x00000000f9b00000,0x00000000faf59160,0x00000000fcd80000)
  to   space 50176K, 0% used [0x00000000fcf00000,0x00000000fcf00000,0x0000000100000000)
 ParOldGen       total 221696K, used 178773K [0x0000000080000000, 0x000000008d880000, 0x00000000d5580000)
  object space 221696K, 80% used [0x0000000080000000,0x000000008ae95400,0x000000008d880000)
 Metaspace       used 119288K, capacity 124880K, committed 125144K, reserved 1159168K
  class space    used 14946K, capacity 16023K, committed 16128K, reserved 1048576K
Event: 3700.329 GC heap after
Heap after GC invocations=44 (full 5):
 PSYoungGen      total 647168K, used 0K [0x00000000d5580000, 0x0000000100000000, 0x0000000100000000)
  eden space 595456K, 0% used [0x00000000d5580000,0x00000000d5580000,0x00000000f9b00000)
  from space 51712K, 0% used [0x00000000f9b00000,0x00000000f9b00000,0x00000000fcd80000)
  to   space 50176K, 0% used [0x00000000fcf00000,0x00000000fcf00000,0x0000000100000000)
 ParOldGen       total 221696K, used 60547K [0x0000000080000000, 0x000000008d880000, 0x00000000d5580000)
  object space 221696K, 27% used [0x0000000080000000,0x0000000083b20f30,0x000000008d880000)
 Metaspace       used 118499K, capacity 123502K, committed 125144K, reserved 1159168K
  class space    used 14806K, capacity 15761K, committed 16128K, reserved 1048576K
}
Event: 5681.862 GC heap before
{Heap before GC invocations=45 (full 5):
 PSYoungGen      total 647168K, used 595276K [0x00000000d5580000, 0x0000000100000000, 0x0000000100000000)
  eden space 595456K, 99% used [0x00000000d5580000,0x00000000f9ad31b0,0x00000000f9b00000)
  from space 51712K, 0% used [0x00000000f9b00000,0x00000000f9b00000,0x00000000fcd80000)
  to   space 50176K, 0% used [0x00000000fcf00000,0x00000000fcf00000,0x0000000100000000)
 ParOldGen       total 221696K, used 60547K [0x0000000080000000, 0x000000008d880000, 0x00000000d5580000)
  object space 221696K, 27% used [0x0000000080000000,0x0000000083b20f30,0x000000008d880000)
 Metaspace       used 119810K, capacity 125274K, committed 125912K, reserved 1159168K
  class space    used 14923K, capacity 15949K, committed 16128K, reserved 1048576K
Event: 5683.333 GC heap after
Heap after GC invocations=45 (full 5):
 PSYoungGen      total 641536K, used 22668K [0x00000000d5580000, 0x00000000ffa80000, 0x0000000100000000)
  eden space 596992K, 0% used [0x00000000d5580000,0x00000000d5580000,0x00000000f9c80000)
  from space 44544K, 50% used [0x00000000fcf00000,0x00000000fe523308,0x00000000ffa80000)
  to   space 48128K, 0% used [0x00000000f9c80000,0x00000000f9c80000,0x00000000fcb80000)
 ParOldGen       total 221696K, used 60555K [0x0000000080000000, 0x000000008d880000, 0x00000000d5580000)
  object space 221696K, 27% used [0x0000000080000000,0x0000000083b22f30,0x000000008d880000)
 Metaspace       used 119810K, capacity 125274K, committed 125912K, reserved 1159168K
  class space    used 14923K, capacity 15949K, committed 16128K, reserved 1048576K
}

Deoptimization events (10 events):
Event: 6279.718 Thread 0x0000000027870000 Uncommon trap: reason=class_check action=maybe_recompile pc=0x0000000003aaf360 method=com.google.common.base.Suppliers$NonSerializableMemoizingSupplier.<init>(Lcom/google/common/base/Supplier;)V @ 9
Event: 6280.589 Thread 0x0000000027870000 Uncommon trap: reason=null_check action=make_not_entrant pc=0x00000000079b8b30 method=org.gradle.api.internal.collections.CollectionFilter.filter(Ljava/lang/Object;)Ljava/lang/Object; @ 5
Event: 6282.690 Thread 0x00000000195f3000 Uncommon trap: reason=class_check action=maybe_recompile pc=0x00000000048b85c8 method=com.sun.org.apache.xerces.internal.dom.NamedNodeMapImpl.getNamedItem(Ljava/lang/String;)Lorg/w3c/dom/Node; @ 28
Event: 6282.690 Thread 0x00000000195f3000 Uncommon trap: reason=class_check action=maybe_recompile pc=0x00000000048b85c8 method=com.sun.org.apache.xerces.internal.dom.NamedNodeMapImpl.getNamedItem(Ljava/lang/String;)Lorg/w3c/dom/Node; @ 28
Event: 6282.690 Thread 0x00000000195f3000 Uncommon trap: reason=class_check action=maybe_recompile pc=0x00000000048b85c8 method=com.sun.org.apache.xerces.internal.dom.NamedNodeMapImpl.getNamedItem(Ljava/lang/String;)Lorg/w3c/dom/Node; @ 28
Event: 6282.690 Thread 0x00000000195f3000 Uncommon trap: reason=class_check action=maybe_recompile pc=0x00000000048b85c8 method=com.sun.org.apache.xerces.internal.dom.NamedNodeMapImpl.getNamedItem(Ljava/lang/String;)Lorg/w3c/dom/Node; @ 28
Event: 6283.268 Thread 0x00000000195f3000 Uncommon trap: reason=class_check action=maybe_recompile pc=0x0000000005df269c method=java.util.HashMap$EntrySpliterator.forEachRemaining(Ljava/util/function/Consumer;)V @ 142
Event: 6283.269 Thread 0x00000000195f3000 Uncommon trap: reason=bimorphic action=maybe_recompile pc=0x00000000047f2078 method=com.sun.org.apache.xerces.internal.dom.ElementImpl.getNodeName()Ljava/lang/String; @ 8
Event: 6283.719 Thread 0x00000000195f3000 Uncommon trap: reason=bimorphic action=maybe_recompile pc=0x000000000690a174 method=java.io.Writer.append(Ljava/lang/CharSequence;)Ljava/io/Writer; @ 20
Event: 6283.734 Thread 0x00000000195f3000 Uncommon trap: reason=bimorphic action=maybe_recompile pc=0x000000000690a174 method=java.io.Writer.append(Ljava/lang/CharSequence;)Ljava/io/Writer; @ 20

Classes redefined (0 events):
No events

Internal exceptions (10 events):
Event: 5683.744 Thread 0x000000002786b000 Exception <a 'sun/nio/fs/WindowsException'> (0x00000000d64e58c0) thrown at [C:\src\AOSP-openjdk-git\hotspot\src\share\vm\prims\jni.cpp, line 710]
Event: 5684.039 Thread 0x0000000025ae3000 Exception <a 'java/lang/NoSuchMethodError': <clinit>> (0x00000000d66ccc28) thrown at [C:\src\AOSP-openjdk-git\hotspot\src\share\vm\prims\jni.cpp, line 1615]
Event: 5684.045 Thread 0x0000000025ae3000 Exception <a 'java/lang/NoSuchMethodError': <clinit>> (0x00000000d66e0348) thrown at [C:\src\AOSP-openjdk-git\hotspot\src\share\vm\prims\jni.cpp, line 1615]
Event: 5684.333 Thread 0x0000000025ae2000 Exception <a 'sun/nio/fs/WindowsException'> (0x00000000d7a31440) thrown at [C:\src\AOSP-openjdk-git\hotspot\src\share\vm\prims\jni.cpp, line 710]
Event: 5684.335 Thread 0x0000000025ae2000 Exception <a 'sun/nio/fs/WindowsException'> (0x00000000d7a32550) thrown at [C:\src\AOSP-openjdk-git\hotspot\src\share\vm\prims\jni.cpp, line 710]
Event: 5684.709 Thread 0x000000002786c800 Exception <a 'sun/nio/fs/WindowsException'> (0x00000000d7deee40) thrown at [C:\src\AOSP-openjdk-git\hotspot\src\share\vm\prims\jni.cpp, line 710]
Event: 5686.317 Thread 0x0000000027871000 Exception <a 'sun/nio/fs/WindowsException'> (0x00000000daea0628) thrown at [C:\src\AOSP-openjdk-git\hotspot\src\share\vm\prims\jni.cpp, line 710]
Event: 5686.471 Thread 0x0000000025ae3000 Exception <a 'java/lang/NoSuchMethodError': <clinit>> (0x00000000daf37a10) thrown at [C:\src\AOSP-openjdk-git\hotspot\src\share\vm\prims\jni.cpp, line 1615]
Event: 6280.589 Thread 0x0000000027870000 Implicit null exception at 0x00000000079b89e3 to 0x00000000079b8b1d
Event: 6280.681 Thread 0x0000000027870000 Exception <a 'sun/nio/fs/WindowsException'> (0x00000000e55cdea8) thrown at [C:\src\AOSP-openjdk-git\hotspot\src\share\vm\prims\jni.cpp, line 710]

Events (10 events):
Event: 6283.269 Thread 0x00000000195f3000 DEOPT PACKING pc=0x00000000047f2078 sp=0x0000000037aab0c0
Event: 6283.269 Thread 0x00000000195f3000 DEOPT UNPACKING pc=0x0000000002dc557b sp=0x0000000037aab090 mode 2
Event: 6283.530 loading class com/android/manifmerger/XmlNode$1
Event: 6283.530 loading class com/android/manifmerger/XmlNode$1 done
Event: 6283.719 Thread 0x00000000195f3000 Uncommon trap: trap_request=0xffffffc6 fr.pc=0x000000000690a174
Event: 6283.719 Thread 0x00000000195f3000 DEOPT PACKING pc=0x000000000690a174 sp=0x0000000037aab620
Event: 6283.723 Thread 0x00000000195f3000 DEOPT UNPACKING pc=0x0000000002dc557b sp=0x0000000037aab620 mode 2
Event: 6283.734 Thread 0x00000000195f3000 Uncommon trap: trap_request=0xffffffc6 fr.pc=0x000000000690a174
Event: 6283.734 Thread 0x00000000195f3000 DEOPT PACKING pc=0x000000000690a174 sp=0x0000000037aab790
Event: 6283.735 Thread 0x00000000195f3000 DEOPT UNPACKING pc=0x0000000002dc557b sp=0x0000000037aab790 mode 2


Dynamic libraries:
0x00007ff72ce20000 - 0x00007ff72ce51000 	C:\Program Files\Android\Android Studio1\jre\bin\java.exe
0x00007ffaf36f0000 - 0x00007ffaf38e5000 	C:\WINDOWS\SYSTEM32\ntdll.dll
0x00007ffaf3550000 - 0x00007ffaf360d000 	C:\WINDOWS\System32\KERNEL32.DLL
0x00007ffaf0e60000 - 0x00007ffaf1128000 	C:\WINDOWS\System32\KERNELBASE.dll
0x00007ffaf27e0000 - 0x00007ffaf288c000 	C:\WINDOWS\System32\ADVAPI32.dll
0x00007ffaf3610000 - 0x00007ffaf36ae000 	C:\WINDOWS\System32\msvcrt.dll
0x00007ffaf1800000 - 0x00007ffaf189b000 	C:\WINDOWS\System32\sechost.dll
0x00007ffaf1900000 - 0x00007ffaf1a2b000 	C:\WINDOWS\System32\RPCRT4.dll
0x00007ffaf1e30000 - 0x00007ffaf1fd0000 	C:\WINDOWS\System32\USER32.dll
0x00007ffaf0e30000 - 0x00007ffaf0e52000 	C:\WINDOWS\System32\win32u.dll
0x00007ffaf1c50000 - 0x00007ffaf1c7a000 	C:\WINDOWS\System32\GDI32.dll
0x00007ffaf1310000 - 0x00007ffaf141b000 	C:\WINDOWS\System32\gdi32full.dll
0x00007ffaf1420000 - 0x00007ffaf14bd000 	C:\WINDOWS\System32\msvcp_win.dll
0x00007ffaf1520000 - 0x00007ffaf1620000 	C:\WINDOWS\System32\ucrtbase.dll
0x00007ffae7e70000 - 0x00007ffae810a000 	C:\WINDOWS\WinSxS\amd64_microsoft.windows.common-controls_6595b64144ccf1df_6.0.19041.844_none_ca00b6081b84eb1d\COMCTL32.dll
0x00007ffaf1750000 - 0x00007ffaf1780000 	C:\WINDOWS\System32\IMM32.DLL
0x0000000061cc0000 - 0x0000000061d92000 	C:\Program Files\Android\Android Studio1\jre\jre\bin\msvcr100.dll
0x0000000062730000 - 0x0000000062f7b000 	C:\Program Files\Android\Android Studio1\jre\jre\bin\server\jvm.dll
0x00007ffaf2f00000 - 0x00007ffaf2f08000 	C:\WINDOWS\System32\PSAPI.DLL
0x00007ffae9550000 - 0x00007ffae9577000 	C:\WINDOWS\SYSTEM32\WINMM.dll
0x00007ffae9520000 - 0x00007ffae952a000 	C:\WINDOWS\SYSTEM32\VERSION.dll
0x00007ffad0400000 - 0x00007ffad0409000 	C:\WINDOWS\SYSTEM32\WSOCK32.dll
0x00007ffaf30d0000 - 0x00007ffaf313b000 	C:\WINDOWS\System32\WS2_32.dll
0x00007ffaddb90000 - 0x00007ffaddb9f000 	C:\Program Files\Android\Android Studio1\jre\jre\bin\verify.dll
0x00007ffa51900000 - 0x00007ffa51929000 	C:\Program Files\Android\Android Studio1\jre\jre\bin\java.dll
0x00007ffa51a70000 - 0x00007ffa51a86000 	C:\Program Files\Android\Android Studio1\jre\jre\bin\zip.dll
0x00007ffaf1fd0000 - 0x00007ffaf2712000 	C:\WINDOWS\System32\SHELL32.dll
0x00007ffaee990000 - 0x00007ffaef120000 	C:\WINDOWS\SYSTEM32\windows.storage.dll
0x00007ffaf3140000 - 0x00007ffaf3495000 	C:\WINDOWS\System32\combase.dll
0x00007ffaf07d0000 - 0x00007ffaf07fc000 	C:\WINDOWS\SYSTEM32\Wldp.dll
0x00007ffaf2720000 - 0x00007ffaf27ce000 	C:\WINDOWS\System32\SHCORE.dll
0x00007ffaf1ce0000 - 0x00007ffaf1d35000 	C:\WINDOWS\System32\shlwapi.dll
0x00007ffaf0d70000 - 0x00007ffaf0d8f000 	C:\WINDOWS\SYSTEM32\profapi.dll
0x00007ffa51880000 - 0x00007ffa5189a000 	C:\Program Files\Android\Android Studio1\jre\jre\bin\net.dll
0x00007ffaf0520000 - 0x00007ffaf058a000 	C:\WINDOWS\system32\mswsock.dll
0x00007ffa4da50000 - 0x00007ffa4da63000 	C:\Program Files\Android\Android Studio1\jre\jre\bin\nio.dll
0x00007ffadc0f0000 - 0x00007ffadc117000 	C:\Users\Admin\.gradle\native\fdc75f09e3144964f2cf3f50f0aa648679c211496f362492102eb8c894070792\windows-amd64\native-platform.dll
0x00007ffac1010000 - 0x00007ffac11a6000 	C:\Users\Admin\.gradle\native\12488b8bf47d2d4c9fbf2f6322a914ad602e24e48041cd04a747c6da556b65c4\windows-amd64\native-platform-file-events.dll
0x00007ffadcbf0000 - 0x00007ffadcbfd000 	C:\Program Files\Android\Android Studio1\jre\jre\bin\management.dll
0x00007ffaf06f0000 - 0x00007ffaf0708000 	C:\WINDOWS\SYSTEM32\CRYPTSP.dll
0x00007ffaefea0000 - 0x00007ffaefed4000 	C:\WINDOWS\system32\rsaenh.dll
0x00007ffaf1130000 - 0x00007ffaf1157000 	C:\WINDOWS\System32\bcrypt.dll
0x00007ffaf0cf0000 - 0x00007ffaf0d1e000 	C:\WINDOWS\SYSTEM32\USERENV.dll
0x00007ffaf16d0000 - 0x00007ffaf1750000 	C:\WINDOWS\System32\bcryptprimitives.dll
0x00007ffaf0710000 - 0x00007ffaf071c000 	C:\WINDOWS\SYSTEM32\CRYPTBASE.dll
0x00007ffaf0200000 - 0x00007ffaf023b000 	C:\WINDOWS\SYSTEM32\IPHLPAPI.DLL
0x00007ffaf2f10000 - 0x00007ffaf2f18000 	C:\WINDOWS\System32\NSI.dll
0x00007ffaeaee0000 - 0x00007ffaeaef7000 	C:\WINDOWS\SYSTEM32\dhcpcsvc6.DLL
0x00007ffaeb0e0000 - 0x00007ffaeb0fd000 	C:\WINDOWS\SYSTEM32\dhcpcsvc.DLL
0x00007ffaf0240000 - 0x00007ffaf030c000 	C:\WINDOWS\SYSTEM32\DNSAPI.dll
0x00007ffaeb500000 - 0x00007ffaeb50b000 	C:\WINDOWS\SYSTEM32\WINNSI.DLL
0x00007ffaeacd0000 - 0x00007ffaeacee000 	C:\Users\Admin\AppData\Local\Temp\native-platform36980327719649508dir\native-platform.dll
0x0000000066e00000 - 0x0000000066f03000 	C:\Users\Admin\AppData\Local\Temp\sqlite-3.25.2-4e7404d7-d296-4b55-a21d-4a3ad9a7603a-sqlitejdbc.dll

VM Arguments:
jvm_args: -Xmx2048m -Dfile.encoding=UTF-8 -Duser.country=NZ -Duser.language=en -Duser.variant 
java_command: org.gradle.launcher.daemon.bootstrap.GradleDaemon 6.7.1
java_class_path (initial): C:\Users\Admin\.gradle\wrapper\dists\gradle-6.7.1-all\2moa8rlfac5eqlcfgk98k0deb\gradle-6.7.1\lib\gradle-launcher-6.7.1.jar
Launcher Type: SUN_STANDARD

Environment Variables:
PATH=C:\Python38\Scripts\;C:\Python38\;C:\Program Files (x86)\Common Files\Oracle\Java\javapath;C:\WINDOWS\system32;C:\WINDOWS;C:\WINDOWS\System32\Wbem;C:\WINDOWS\System32\WindowsPowerShell\v1.0\;C:\WINDOWS\System32\OpenSSH\;C:\ProgramData\chocolatey\bin;C:\Program Files\Git\cmd;C:\Program Files\nodejs\;C:\Program Files\TortoiseGit\bin;C:\Users\Admin\AppData\Local\Microsoft\WindowsApps;C:\Users\Admin\AppData\Local\GitHubDesktop\bin;C:\Users\Admin\AppData\Local\Programs\Microsoft VS Code\bin;C:\Users\Admin\AppData\Local\Microsoft\WindowsApps;C:\Users\Admin\AppData\Roaming\npm
USERNAME=Admin
OS=Windows_NT
PROCESSOR_IDENTIFIER=Intel64 Family 6 Model 61 Stepping 4, GenuineIntel



---------------  S Y S T E M  ---------------

OS: Windows 10.0 , 64 bit Build 19041 (10.0.19041.928)

CPU:total 4 (initial active 4) (2 cores per cpu, 2 threads per core) family 6 model 61 stepping 4, cmov, cx8, fxsr, mmx, sse, sse2, sse3, ssse3, sse4.1, sse4.2, popcnt, avx, avx2, aes, clmul, erms, 3dnowpref, lzcnt, ht, tsc, tscinvbit, bmi1, bmi2, adx

Memory: 4k page, physical 8260696k(351112k free), swap 33426520k(1596k free)

vm_info: OpenJDK 64-Bit Server VM (25.242-b01) for windows-amd64 JRE (1.8.0_242-release-1644-b01), built by "builder" with MS VC++ 10.0 (VS2010)

time: Sun May 30 19:49:46 2021
timezone: New Zealand Standard Time
elapsed time: 6283 seconds (0d 1h 44m 43s)

